Clus run transactions-weka.filters.unsupervised.attribute.StringToNominal-Rlast-weka.filters.unsupervised.attribute.StringToNominal-R6-weka.filters.unsupervised.attribute.StringToNominal-R5
*********************************************************************************************************************************************************************************************

Date: 02/01/20 13.28
File: external_libraries/conf.out
Attributes: 7 (input: 5, output: 1)
Missing values: No

[General]
Verbose = 0
Compatibility = Latest
RandomSeed = 1
ResourceInfoLoaded = No

[Data]
File = resources/9/train5000.arff
TestSet = resources/9/test5000.arff
PruneSet = None
XVal = 10
RemoveMissingTarget = No
NormalizeData = None

[Attributes]
Target = 3
Clustering = 2-7
Descriptive = 2,4-7
Key = None
Disable = None
Weights = Normalize
ClusteringWeights = 1.0
ReduceMemoryNominalAttrs = No
GIS = None

[Constraints]
Syntactic = None
MaxSize = Infinity
MaxError = 0.0
MaxDepth = Infinity

[Nominal]
MEstimate = 1.0

[Model]
MinimalWeight = 2.0
MinimalNumberExamples = 0
MinimalKnownWeight = 0.0
ParamTuneNumberFolds = 10
NominalSubsetTests = Yes

[Tree]
Heuristic = VarianceReduction
HeuristicComplexity = N2
SetDistance = GSMDistance
TupleDistance = Euclidean
TSDistance = DTW
PruningMethod = Default
FTest = 1.0
BinarySplit = Yes
ConvertToRules = No
AlternativeSplits = No
Optimize = {}
MSENominal = No
SplitSampling = None
MissingClusteringAttrHandling = EstimateFromParentNode
MissingTargetAttrHandling = ParentNode
InductionOrder = DepthFirst
EntropyType = StandardEntropy
ConsiderUnlableInstancesInIGCalc = No
SpatialMatrix = Binary
SpatialMeasure = GlobalMoran
Bandwidth = 0.001
Longlat = No
NumNeightbours = 0.0
Alpha = 1.0
SplitPosition = Exact

[Ensemble]
Iterations = 100
EnsembleMethod = RForest
VotingType = ProbabilityDistribution
SelectRandomSubspaces = 3
SelectRandomTargetSubspaces = SQRT
RandomOutputSelection = None
PrintAllModels = No
PrintAllModelFiles = No
PrintAllModelInfo = No
PrintPaths = No
Optimize = No
OOBestimate = No
FeatureRanking = None
FeatureRankingPerTarget = No
SymbolicWeight = 0.5
SortRankingByRelevance = Yes
WriteEnsemblePredictions = No
EnsembleRandomDepth = No
BagSelection = -1
BagSize = 0
NumberOfThreads = 1

[SemiSupervised]
SemiSupervisedMethod = PCT
StoppingCriteria = NoneAdded
UnlabeledCriteria = Threshold
ConfidenceThreshold = 0.8
ConfidenceMeasure = Variance
Iterations = 10
K = 5
UnlabeledData = resources/9/unlabeled5000.arff
PercentageLabeled = 5
UseWeights = No
AirbagTrials = 0
ExhaustiveSearchThresholds = [0.5,0.6,0.7,0.8,0.9,0.99]
OOBErrorCalculation = LabeledOnly
Normalization = MinMaxNormalization
Aggregation = Average
CalibrateHmcThreshold = No
PruningWhenTuning = No
InternalFolds = 3
WeightScoresFile = NO
PossibleWeights = [0.0,0.1,0.2,0.3,0.4,0.5,0.6,0.7,0.8,0.9,1.0]

[Output]
ShowModels = {Default, Pruned, Others}
TrainErrors = Yes
ValidErrors = Yes
TestErrors = Yes
AllFoldModels = Yes
AllFoldErrors = No
AllFoldDatasets = No
UnknownFrequency = No
BranchFrequency = No
ShowInfo = {Count}
PrintModelAndExamples = No
WriteErrorFile = No
WriteModelFile = No
WriteOOBFile = No
WritePredictions = {None}
GzipOutput = No
ModelIDFiles = No
WriteCurves = No
OutputPythonModel = No
OutputROSSubspaces = No
OutputJSONModel = No
OutputDatabaseQueries = No
OutputClowdFlowsJSON = No

Run: 01
*******

Statistics
----------

FTValue (FTest): 1.0
Induction Time: 9707.348 sec
Pruning Time: 0 sec
Model information:
     Default: Nodes = 1 (Leaves: 1)
     Original: FOREST with 100 models (Total nodes: 96316 and leaves: 48208)

Training error
--------------

Number of examples: 5000
Mean absolute error (MAE)
   Default        : [1979.3106]
   Original       : [484.8457]
Mean squared error (MSE)
   Default        : [6556559.4739]
   Original       : [1152774.4368]
Root mean squared error (RMSE)
   Default        : [2560.578]
   Original       : [1073.6733]
Weighted root mean squared error (RMSE) (Weights [0])
   Default        : [10.2079]
   Original       : [4.2803]
Root Relative Squared Error (RRMSE)
   Default        : [1]
   Original       : [0.4193]
Pearson correlation coefficient
   Default        : [0], Avg r^2: 0
   Original       : [0.9097], Avg r^2: 0.8276

Testing error
-------------

Number of examples: 516006
Mean absolute error (MAE)
   Default        : [1950.4853]
   Original       : [643.1354]
Mean squared error (MSE)
   Default        : [6325722.0827]
   Original       : [2142509.5467]
Root mean squared error (RMSE)
   Default        : [2515.0988]
   Original       : [1463.7314]
Weighted root mean squared error (RMSE) (Weights [0])
   Default        : [10.0266]
   Original       : [5.8353]
Root Relative Squared Error (RRMSE)
   Default        : [1.0001]
   Original       : [0.5821]
Pearson correlation coefficient
   Default        : [0], Avg r^2: 0
   Original       : [0.8145], Avg r^2: 0.6634

Default Model
*************

[1531.76104]: 5000

Original Model
**************

Forest with 100 models

